android/build/outputs/mapping/release/seeds.txt
com.lukasaristide.icytower.Screen: com.lukasaristide.icytower.Screen valueOf(java.lang.String)
com.lukasaristide.icytower.Screen: com.lukasaristide.icytower.Screen[] values()
com.lukasaristide.icytower.AndroidLauncher: AndroidLauncher()
com.lukasaristide.icytower.AndroidLauncher
...
com.badlogic.gdx.physics.box2d.BodyDef$BodyType: com.badlogic.gdx.physics.box2d.BodyDef$BodyType valueOf(java.lang.String)
com.badlogic.gdx.physics.box2d.BodyDef$BodyType: com.badlogic.gdx.physics.box2d.BodyDef$BodyType[] values()
com.badlogic.gdx.graphics.TextureData$TextureDataType: com.badlogic.gdx.graphics.TextureData$TextureDataType[] values()
com.badlogic.gdx.graphics.glutils.ShapeRenderer$ShapeType: com.badlogic.gdx.graphics.glutils.ShapeRenderer$ShapeType[] values()
com.badlogic.gdx.Files$FileType: com.badlogic.gdx.Files$FileType valueOf(java.lang.String)
com.badlogic.gdx.utils.JsonWriter$OutputType: com.badlogic.gdx.utils.JsonWriter$OutputType[] values()
com.badlogic.gdx.Input$OnscreenKeyboardType: com.badlogic.gdx.Input$OnscreenKeyboardType[] values()
com.badlogic.gdx.graphics.g2d.freetype.FreeTypeFontGenerator$Hinting: com.badlogic.gdx.graphics.g2d.freetype.FreeTypeFontGenerator$Hinting valueOf(java.lang.String)
com.badlogic.gdx.graphics.glutils.GLVersion$Type: com.badlogic.gdx.graphics.glutils.GLVersion$Type valueOf(java.lang.String)
com.badlogic.gdx.physics.box2d.World: void preSolve(long,long)
com.badlogic.gdx.graphics.Pixmap$Filter: com.badlogic.gdx.graphics.Pixmap$Filter valueOf(java.lang.String)
com.badlogic.gdx.scenes.scene2d.Touchable: com.badlogic.gdx.scenes.scene2d.Touchable[] values()
com.badlogic.gdx.graphics.g2d.freetype.FreeTypeFontGenerator$Hinting: com.badlogic.gdx.graphics.g2d.freetype.FreeTypeFontGenerator$Hinting[] values()
com.badlogic.gdx.physics.box2d.World: void postSolve(long,long)
com.badlogic.gdx.graphics.Pixmap$Blending: com.badlogic.gdx.graphics.Pixmap$Blending valueOf(java.lang.String)
com.badlogic.gdx.Application$ApplicationType: com.badlogic.gdx.Application$ApplicationType[] values()
com.badlogic.gdx.Input$OnscreenKeyboardType: com.badlogic.gdx.Input$OnscreenKeyboardType valueOf(java.lang.String)
com.badlogic.gdx.graphics.Pixmap$Format: com.badlogic.gdx.graphics.Pixmap$Format[] values()
com.badlogic.gdx.graphics.Pixmap$Blending: com.badlogic.gdx.graphics.Pixmap$Blending[] values()
com.badlogic.gdx.graphics.Mesh$VertexDataType: com.badlogic.gdx.graphics.Mesh$VertexDataType valueOf(java.lang.String)
com.badlogic.gdx.physics.box2d.World: float reportRayFixture(long,float,float,float,float,float)
com.badlogic.gdx.physics.box2d.World: void endContact(long)
com.badlogic.gdx.graphics.Mesh$VertexDataType: com.badlogic.gdx.graphics.Mesh$VertexDataType[] values()
com.badlogic.gdx.scenes.scene2d.Touchable: com.badlogic.gdx.scenes.scene2d.Touchable valueOf(java.lang.String)
com.badlogic.gdx.Application$ApplicationType: com.badlogic.gdx.Application$ApplicationType valueOf(java.lang.String)
com.badlogic.gdx.graphics.Texture$TextureFilter: com.badlogic.gdx.graphics.Texture$TextureFilter valueOf(java.lang.String)
com.badlogic.gdx.graphics.glutils.GLVersion$Type: com.badlogic.gdx.graphics.glutils.GLVersion$Type[] values()
com.badlogic.gdx.scenes.scene2d.utils.FocusListener$FocusEvent$Type: com.badlogic.gdx.scenes.scene2d.utils.FocusListener$FocusEvent$Type[] values()
com.badlogic.gdx.physics.box2d.World: boolean reportFixture(long)
com.badlogic.gdx.graphics.Texture$TextureFilter: com.badlogic.gdx.graphics.Texture$TextureFilter[] values()
com.badlogic.gdx.scenes.scene2d.ui.Table$Debug: com.badlogic.gdx.scenes.scene2d.ui.Table$Debug[] values()
com.badlogic.gdx.physics.box2d.World: boolean contactFilter(long,long)
com.badlogic.gdx.graphics.glutils.HdpiMode: com.badlogic.gdx.graphics.glutils.HdpiMode[] values()
com.badlogic.gdx.scenes.scene2d.InputEvent$Type: com.badlogic.gdx.scenes.scene2d.InputEvent$Type valueOf(java.lang.String)
com.badlogic.gdx.graphics.Pixmap$Filter: com.badlogic.gdx.graphics.Pixmap$Filter[] values()
com.badlogic.gdx.utils.JsonWriter$OutputType: com.badlogic.gdx.utils.JsonWriter$OutputType valueOf(java.lang.String)
com.badlogic.gdx.scenes.scene2d.ui.Table$Debug: com.badlogic.gdx.scenes.scene2d.ui.Table$Debug valueOf(java.lang.String)