android/build/outputs/mapping/release/mapping.txt
# compiler: R8
# compiler_version: 2.1.86
# min_api: 21
# pg_map_id: 398a50c
# common_typos_disable
com.lukasaristide.icytower.Controller -> com.lukasaristide.icytower.a:
    com.badlogic.gdx.scenes.scene2d.InputListener game_button -> b
    com.badlogic.gdx.scenes.scene2d.InputListener hero_listener -> h
    com.badlogic.gdx.scenes.scene2d.InputListener back_key_menu -> g
    com.lukasaristide.icytower.Model model -> a
    com.badlogic.gdx.scenes.scene2d.InputListener ranking_button -> d
    com.badlogic.gdx.scenes.scene2d.InputListener settings_button -> c
    com.badlogic.gdx.scenes.scene2d.InputListener back_key -> f
    com.badlogic.gdx.scenes.scene2d.InputListener back_menu_button -> e
    void addListenerGame() -> a
    void control() -> b
com.lukasaristide.icytower.Controller$1 -> com.lukasaristide.icytower.a$a:
    com.lukasaristide.icytower.Controller this$0 -> b
    boolean touchDown(com.badlogic.gdx.scenes.scene2d.InputEvent,float,float,int,int) -> i
    void touchUp(com.badlogic.gdx.scenes.scene2d.InputEvent,float,float,int,int) -> k
com.lukasaristide.icytower.Controller$2 -> com.lukasaristide.icytower.a$b:
    com.lukasaristide.icytower.Controller this$0 -> b
    boolean touchDown(com.badlogic.gdx.scenes.scene2d.InputEvent,float,float,int,int) -> i
    void touchUp(com.badlogic.gdx.scenes.scene2d.InputEvent,float,float,int,int) -> k
com.lukasaristide.icytower.Controller$3 -> com.lukasaristide.icytower.a$c:
    com.lukasaristide.icytower.Controller this$0 -> b
    boolean touchDown(com.badlogic.gdx.scenes.scene2d.InputEvent,float,float,int,int) -> i
    void touchUp(com.badlogic.gdx.scenes.scene2d.InputEvent,float,float,int,int) -> k
com.lukasaristide.icytower.Controller$4 -> com.lukasaristide.icytower.a$d:
    com.lukasaristide.icytower.Controller this$0 -> b
    boolean touchDown(com.badlogic.gdx.scenes.scene2d.InputEvent,float,float,int,int) -> i
    void touchUp(com.badlogic.gdx.scenes.scene2d.InputEvent,float,float,int,int) -> k
com.lukasaristide.icytower.Controller$5 -> com.lukasaristide.icytower.a$e:
    com.lukasaristide.icytower.Controller this$0 -> b
    boolean keyDown(com.badlogic.gdx.scenes.scene2d.InputEvent,int) -> d
com.lukasaristide.icytower.Controller$6 -> com.lukasaristide.icytower.a$f:
    java.time.Clock clock -> b
    long lastClicked -> c
    boolean keyDown(com.badlogic.gdx.scenes.scene2d.InputEvent,int) -> d
com.lukasaristide.icytower.Controller$7 -> com.lukasaristide.icytower.a$g:
    com.lukasaristide.icytower.Controller this$0 -> b
    boolean keyDown(com.badlogic.gdx.scenes.scene2d.InputEvent,int) -> d
    boolean touchDown(com.badlogic.gdx.scenes.scene2d.InputEvent,float,float,int,int) -> i
com.lukasaristide.icytower.Controller$8 -> com.lukasaristide.icytower.a$h:
    int[] $SwitchMap$com$lukasaristide$icytower$Screen -> a
com.lukasaristide.icytower.Floor -> com.lukasaristide.icytower.b:
    float width -> x
    com.lukasaristide.icytower.Model model -> u
    com.badlogic.gdx.physics.box2d.Body body -> v
    boolean right -> t
    com.badlogic.gdx.scenes.scene2d.utils.Drawable texture -> w
    void act(float) -> i
    void draw(com.badlogic.gdx.graphics.g2d.Batch,float) -> p
com.lukasaristide.icytower.Hero -> com.lukasaristide.icytower.c:
    com.badlogic.gdx.graphics.Texture texture -> v
    com.lukasaristide.icytower.Model model -> t
    com.badlogic.gdx.physics.box2d.Body body -> u
    void act(float) -> i
    void draw(com.badlogic.gdx.graphics.g2d.Batch,float) -> p
com.lukasaristide.icytower.IcyTower -> com.lukasaristide.icytower.d:
    com.lukasaristide.icytower.Controller controller -> c
    com.lukasaristide.icytower.View view -> b
    com.lukasaristide.icytower.Model model -> a
    void dispose() -> a
    void create() -> d
    void render() -> e
...
com.badlogic.gdx.backends.android.AndroidVisibilityListener -> a.a.a.r.a.r:
    void createListener(com.badlogic.gdx.backends.android.AndroidApplicationBase) -> a
com.badlogic.gdx.backends.android.AndroidVisibilityListener$1 -> a.a.a.r.a.r$a:
    com.badlogic.gdx.backends.android.AndroidApplicationBase val$application -> a
com.badlogic.gdx.backends.android.AndroidVisibilityListener$1$1 -> a.a.a.r.a.r$a$a:
    com.badlogic.gdx.backends.android.AndroidVisibilityListener$1 this$1 -> a
com.badlogic.gdx.backends.android.AndroidZipFileHandle -> a.a.a.r.a.s:
    java.lang.String path -> g
    long fdLength -> e
    com.badlogic.gdx.backends.android.ZipResourceFile expansionFile -> f
    boolean hasAssetFd -> d
    com.badlogic.gdx.files.FileHandle child(java.lang.String) -> a
    boolean exists() -> c
    long length() -> f
    com.badlogic.gdx.files.FileHandle parent() -> k
    java.io.InputStream read() -> m
    android.content.res.AssetFileDescriptor getAssetFileDescriptor() -> q
    java.lang.String getPath() -> r
    void initialize() -> s
com.badlogic.gdx.backends.android.DefaultAndroidAudio -> a.a.a.r.a.t:
    java.util.List musics -> b
    android.media.SoundPool soundPool -> a
    void notifyMusicDisposed(com.badlogic.gdx.backends.android.AndroidMusic) -> E
    void dispose() -> a
    void resume() -> b
    void pause() -> c
com.badlogic.gdx.backends.android.DefaultAndroidFiles -> a.a.a.r.a.u:
    com.badlogic.gdx.backends.android.ZipResourceFile expansionFile -> d
    android.content.res.AssetManager assets -> c
    java.lang.String externalFilesPath -> a
    java.lang.String localpath -> b
    com.badlogic.gdx.files.FileHandle getFileHandle(java.lang.String,com.badlogic.gdx.Files$FileType) -> a
    com.badlogic.gdx.files.FileHandle classpath(java.lang.String) -> b
    com.badlogic.gdx.backends.android.ZipResourceFile getExpansionFile() -> c
    com.badlogic.gdx.files.FileHandle internal(java.lang.String) -> d
    java.lang.String getLocalStoragePath() -> e
    java.lang.String getExternalStoragePath() -> f
    com.badlogic.gdx.files.FileHandle getZipFileHandleIfExists(com.badlogic.gdx.files.FileHandle,java.lang.String) -> g
    java.lang.String initExternalFilesPath(android.content.ContextWrapper) -> h
com.badlogic.gdx.backends.android.DefaultAndroidInput -> a.a.a.r.a.v:
    com.badlogic.gdx.backends.android.AndroidTouchHandler touchHandler -> z
    com.badlogic.gdx.Application app -> x
    boolean requestFocus -> P
    com.badlogic.gdx.Input$Orientation nativeOrientation -> I
    boolean[] justPressedButtons -> s
    boolean accelerometerAvailable -> u
    float[] rotationVectorValues -> E
    boolean[] touched -> o
    int sleepTime -> A
    java.util.ArrayList genericMotionListeners -> N
    android.hardware.SensorEventListener accelerometerListener -> J
    java.util.ArrayList keyEvents -> i
    android.hardware.SensorManager manager -> t
    android.hardware.SensorEventListener compassListener -> L
    int[] deltaY -> n
    android.content.Context context -> y
    float[] accelerometerValues -> v
    int[] button -> p
    com.badlogic.gdx.backends.android.AndroidApplicationConfiguration config -> H
    com.badlogic.gdx.utils.Pool usedKeyEvents -> f
    float[] pressure -> r
    int[] touchY -> l
    boolean rotationVectorAvailable -> C
    com.badlogic.gdx.InputProcessor processor -> G
    com.badlogic.gdx.backends.android.AndroidMouseHandler mouseHandler -> O
    float[] magneticFieldValues -> D
    java.util.ArrayList touchEvents -> j
    android.hardware.SensorEventListener gyroscopeListener -> K
    float[] gyroscopeValues -> w
    java.util.ArrayList keyListeners -> h
    android.hardware.SensorEventListener rotationVectorListener -> M
com.badlogic.gdx.backends.android.DefaultAndroidInput$1 -> a.a.a.r.a.v$a:
    java.lang.Object newObject() -> c
    com.badlogic.gdx.backends.android.DefaultAndroidInput$KeyEvent newObject() -> f