android/build/outputs/mapping/release/usage.txt
com.lukasaristide.icytower.R$drawable
com.lukasaristide.icytower.R$style
com.lukasaristide.icytower.R
com.lukasaristide.icytower.R$color
com.lukasaristide.icytower.R$string
com.lukasaristide.icytower.BuildConfig
com.lukasaristide.icytower.Controller$6:
    final synthetic com.lukasaristide.icytower.Controller this$0
...
com.badlogic.gdx.physics.box2d.Body:
    private native long jniCreateFixture(long,long,float,float,float,boolean,short,short,short)
    private native void jniSetTransform(long,float,float,float)
    private native void jniGetTransform(long,float[])
    private native float jniGetAngle(long)
    private native void jniGetWorldCenter(long,float[])
    private native void jniGetLocalCenter(long,float[])
    private native void jniSetAngularVelocity(long,float)
    private native float jniGetAngularVelocity(long)
    private native void jniApplyForce(long,float,float,float,float,boolean)
    private native void jniApplyForceToCenter(long,float,float,boolean)
    private native void jniApplyTorque(long,float,boolean)
    private native void jniApplyAngularImpulse(long,float,boolean)
    private native float jniGetMass(long)
    private native float jniGetInertia(long)
    private native void jniGetMassData(long,float[])
    private native void jniSetMassData(long,float,float,float,float)
    private native void jniResetMassData(long)
    private native void jniGetWorldPoint(long,float,float,float[])
    private native void jniGetWorldVector(long,float,float,float[])
    private native void jniGetLocalPoint(long,float,float,float[])
    private native void jniGetLocalVector(long,float,float,float[])
    private native void jniGetLinearVelocityFromWorldPoint(long,float,float,float[])
    private native void jniGetLinearVelocityFromLocalPoint(long,float,float,float[])
com.badlogic.gdx.scenes.scene2d.ui.ImageTextButton$ImageTextButtonStyle:
    public void <init>(com.badlogic.gdx.scenes.scene2d.utils.Drawable,com.badlogic.gdx.scenes.scene2d.utils.Drawable,com.badlogic.gdx.scenes.scene2d.utils.Drawable,com.badlogic.gdx.graphics.g2d.BitmapFont)
    public void <init>(com.badlogic.gdx.scenes.scene2d.ui.ImageTextButton$ImageTextButtonStyle)
    public void <init>(com.badlogic.gdx.scenes.scene2d.ui.TextButton$TextButtonStyle)
    public com.badlogic.gdx.scenes.scene2d.utils.Drawable imageUp
    public com.badlogic.gdx.scenes.scene2d.utils.Drawable imageDown
    public com.badlogic.gdx.scenes.scene2d.utils.Drawable imageOver
    public com.badlogic.gdx.scenes.scene2d.utils.Drawable imageDisabled
    public com.badlogic.gdx.scenes.scene2d.utils.Drawable imageChecked
    public com.badlogic.gdx.scenes.scene2d.utils.Drawable imageCheckedDown
    public com.badlogic.gdx.scenes.scene2d.utils.Drawable imageCheckedOver
com.badlogic.gdx.assets.AssetManager:
    public void <init>()
    public void <init>(com.badlogic.gdx.assets.loaders.FileHandleResolver)
    public void <init>(com.badlogic.gdx.assets.loaders.FileHandleResolver,boolean)
    private synchronized void injectDependency(java.lang.String,com.badlogic.gdx.assets.AssetDescriptor)
    private void nextTask()
    private void addTask(com.badlogic.gdx.assets.AssetDescriptor)
    private boolean updateTask()
    private void incrementRefCountedDependencies(java.lang.String)
    private void handleTaskError(java.lang.Throwable)
    public com.badlogic.gdx.assets.loaders.FileHandleResolver getFileHandleResolver()
    public synchronized java.lang.Object get(java.lang.String)
    public synchronized java.lang.Object get(java.lang.String,java.lang.Class)
    public synchronized com.badlogic.gdx.utils.Array getAll(java.lang.Class,com.badlogic.gdx.utils.Array)
    public synchronized java.lang.Object get(com.badlogic.gdx.assets.AssetDescriptor)
    public synchronized boolean contains(java.lang.String)
    public synchronized boolean contains(java.lang.String,java.lang.Class)
    public synchronized boolean containsAsset(java.lang.Object)
    public synchronized boolean isLoaded(com.badlogic.gdx.assets.AssetDescriptor)
    public synchronized boolean isLoaded(java.lang.String)
    public synchronized boolean isLoaded(java.lang.String,java.lang.Class)
    public com.badlogic.gdx.assets.loaders.AssetLoader getLoader(java.lang.Class)
com.badlogic.gdx.assets.loaders.resolvers.PrefixFileHandleResolver